build/app/intermediates/manifest_merge_blame_file/release/manifest-merger-blame-release-report.txt
1<?xml version="1.0" encoding="utf-8"?>
2<manifest xmlns:android="http://schemas.android.com/apk/res/android"
3    package="com.example.notiapp"
4    android:versionCode="1"
5    android:versionName="1.0.0" >
6
7    <uses-sdk
8        android:minSdkVersion="21"
8-->src\main\AndroidManifest.xml
9        android:targetSdkVersion="34" />
9-->src\main\AndroidManifest.xml
10    <!--
11         Required to query activities that can process text, see:
12         https://developer.android.com/training/package-visibility and
13         https://developer.android.com/reference/android/content/Intent#ACTION_PROCESS_TEXT.
14
15         In particular, this is used by the Flutter engine in io.flutter.plugin.text.ProcessTextPlugin.
16    -->
17    <queries>
17-->src\main\AndroidManifest.xml:39:5-44:15
18        <intent>
18-->src\main\AndroidManifest.xml:40:9-43:18
19            <action android:name="android.intent.action.PROCESS_TEXT" />
19-->src\main\AndroidManifest.xml:41:13-72
19-->src\main\AndroidManifest.xml:41:21-70
20
21            <data android:mimeType="text/plain" />
21-->src\main\AndroidManifest.xml:42:13-50
21-->src\main\AndroidManifest.xml:42:19-48
22        </intent>
23    </queries>
24
25    <permission
25-->[androidx.core:core:1.10.1] AndroidManifest.xml:22:5-24:47
26        android:name="com.example.notiapp.DYNAMIC_RECEIVER_NOT_EXPORTED_PERMISSION"
26-->[androidx.core:core:1.10.1] AndroidManifest.xml:23:9-81
27        android:protectionLevel="signature" />
27-->[androidx.core:core:1.10.1] AndroidManifest.xml:24:9-44
28
29    <uses-permission android:name="com.example.notiapp.DYNAMIC_RECEIVER_NOT_EXPORTED_PERMISSION" />
29-->[androidx.core:core:1.10.1] AndroidManifest.xml:26:5-97
29-->[androidx.core:core:1.10.1] AndroidManifest.xml:26:22-94
30
31    <application
32        android:name="android.app.Application"
32-->src\main\AndroidManifest.xml:4:9-42
33        android:appComponentFactory="androidx.core.app.CoreComponentFactory"
33-->[androidx.core:core:1.10.1] AndroidManifest.xml:28:18-86
34        android:icon="@mipmap/ic_launcher"
34-->src\main\AndroidManifest.xml:5:9-43
35        android:label="notiapp" >
35-->src\main\AndroidManifest.xml:3:9-32
36        <activity
36-->src\main\AndroidManifest.xml:6:9-27:20
37            android:name="com.example.notiapp.MainActivity"
37-->src\main\AndroidManifest.xml:7:13-41
38            android:configChanges="orientation|keyboardHidden|keyboard|screenSize|smallestScreenSize|locale|layoutDirection|fontScale|screenLayout|density|uiMode"
38-->src\main\AndroidManifest.xml:12:13-163
39            android:exported="true"
39-->src\main\AndroidManifest.xml:8:13-36
40            android:hardwareAccelerated="true"
40-->src\main\AndroidManifest.xml:13:13-47
41            android:launchMode="singleTop"
41-->src\main\AndroidManifest.xml:9:13-43
42            android:taskAffinity=""
42-->src\main\AndroidManifest.xml:10:13-36
43            android:theme="@style/LaunchTheme"
43-->src\main\AndroidManifest.xml:11:13-47
44            android:windowSoftInputMode="adjustResize" >
44-->src\main\AndroidManifest.xml:14:13-55
45
46            <!--
47                 Specifies an Android theme to apply to this Activity as soon as
48                 the Android process has started. This theme is visible to the user
49                 while the Flutter UI initializes. After that, this theme continues
50                 to determine the Window background behind the Flutter UI.
51            -->
52            <meta-data
52-->src\main\AndroidManifest.xml:19:13-22:17
53                android:name="io.flutter.embedding.android.NormalTheme"
53-->src\main\AndroidManifest.xml:20:15-70
54                android:resource="@style/NormalTheme" />
54-->src\main\AndroidManifest.xml:21:15-52
55
56            <intent-filter>
56-->src\main\AndroidManifest.xml:23:13-26:29
57                <action android:name="android.intent.action.MAIN" />
57-->src\main\AndroidManifest.xml:24:17-68
57-->src\main\AndroidManifest.xml:24:25-66
58
59                <category android:name="android.intent.category.LAUNCHER" />
59-->src\main\AndroidManifest.xml:25:17-76
59-->src\main\AndroidManifest.xml:25:27-74
60            </intent-filter>
61        </activity>
62        <!--
63             Don't delete the meta-data below.
64             This is used by the Flutter tool to generate GeneratedPluginRegistrant.java
65        -->
66        <meta-data
66-->src\main\AndroidManifest.xml:30:9-32:33
67            android:name="flutterEmbedding"
67-->src\main\AndroidManifest.xml:31:13-44
68            android:value="2" />
68-->src\main\AndroidManifest.xml:32:13-30
69
70        <activity
70-->[:url_launcher_android] AndroidManifest.xml:10:9-13:74
71            android:name="io.flutter.plugins.urllauncher.WebViewActivity"
71-->[:url_launcher_android] AndroidManifest.xml:11:13-74
72            android:exported="false"
72-->[:url_launcher_android] AndroidManifest.xml:12:13-37
73            android:theme="@android:style/Theme.NoTitleBar.Fullscreen" />
73-->[:url_launcher_android] AndroidManifest.xml:13:13-71
74
75        <uses-library
75-->[androidx.window:window:1.0.0-beta04] AndroidManifest.xml:25:9-27:40
76            android:name="androidx.window.extensions"
76-->[androidx.window:window:1.0.0-beta04] AndroidManifest.xml:26:13-54
77            android:required="false" />
77-->[androidx.window:window:1.0.0-beta04] AndroidManifest.xml:27:13-37
78        <uses-library
78-->[androidx.window:window:1.0.0-beta04] AndroidManifest.xml:28:9-30:40
79            android:name="androidx.window.sidecar"
79-->[androidx.window:window:1.0.0-beta04] AndroidManifest.xml:29:13-51
80            android:required="false" />
80-->[androidx.window:window:1.0.0-beta04] AndroidManifest.xml:30:13-37
81    </application>
82
83</manifest>